{"/Users/alexgochenour/WebstormProjects/first-cli/utils/nodeVersionCheck.js": {"path":"/Users/alexgochenour/WebstormProjects/first-cli/utils/nodeVersionCheck.js","statementMap":{"0":{"start":{"line":1,"column":43},"end":{"line":1,"column":51}}},"fnMap":{"0":{"name":"(anonymous_0)","decl":{"start":{"line":1,"column":43},"end":{"line":1,"column":44}},"loc":{"start":{"line":1,"column":49},"end":{"line":1,"column":51}},"line":1}},"branchMap":{},"s":{"0":1},"f":{"0":1},"b":{},"_coverageSchema":"1a1c01bbd47fc00a2c39e90264f33305004495a9","hash":"bb0bbc6f12c44ea5916e51cd684f9ffdbba2f950"}
}
